Using pre-set license
Built from '2020.3/staging' branch; Version is '2020.3.4f1 (0abb6314276a) revision 703331'; Using compiler version '192528614'; Build Type 'Release'
OS: 'Windows 10 Home; OS build 18363.1556; Version 1909; 64bit' Language: 'en' Physical Memory: 16196 MB
BatchMode: 1, IsHumanControllingUs: 0, StartBugReporterOnCrash: 0, Is64bit: 1, IsPro: 0

 COMMAND LINE ARGUMENTS:
D:\Programs\Editor\Unity.exe
-adb2
-batchMode
-noUpm
-name
AssetImportWorker0
-projectPath
E:/UnityProjects/Engage VR/WildWildCactus
-logFile
Logs/AssetImportWorker0.log
-srvPort
61811
Successfully changed project path to: E:/UnityProjects/Engage VR/WildWildCactus
E:/UnityProjects/Engage VR/WildWildCactus
Using Asset Import Pipeline V2.
Refreshing native plugins compatible for Editor in 22.49 ms, found 0 plugins.
Preloading 0 native plugins for Editor in 0.00 ms.
Initialize engine version: 2020.3.4f1 (0abb6314276a)
[Subsystems] Discovering subsystems at path D:/Programs/Editor/Data/Resources/UnitySubsystems
[Subsystems] Discovering subsystems at path E:/UnityProjects/Engage VR/WildWildCactus/Assets
GfxDevice: creating device client; threaded=0
Direct3D:
    Version:  Direct3D 11.0 [level 11.1]
    Renderer: NVIDIA GeForce RTX 2060 (ID=0x1f11)
    Vendor:   
    VRAM:     5980 MB
    Driver:   27.21.14.6231
Initialize mono
Mono path[0] = 'D:/Programs/Editor/Data/Managed'
Mono path[1] = 'D:/Programs/Editor/Data/MonoBleedingEdge/lib/mono/unityjit'
Mono config path = 'D:/Programs/Editor/Data/MonoBleedingEdge/etc'
Using monoOptions --debugger-agent=transport=dt_socket,embedding=1,server=y,suspend=n,address=127.0.0.1:56612
Begin MonoManager ReloadAssembly
Registering precompiled unity dll's ...
Register platform support module: D:/Programs/Editor/Data/PlaybackEngines/WindowsStandaloneSupport/UnityEditor.WindowsStandalone.Extensions.dll
Registered in 0.001544 seconds.
Native extension for WindowsStandalone target not found
Refreshing native plugins compatible for Editor in 21.46 ms, found 0 plugins.
Preloading 0 native plugins for Editor in 0.00 ms.
Mono: successfully reloaded assembly
- Completed reload, in  1.315 seconds
Platform modules already initialized, skipping
Registering precompiled user dll's ...
Registered in 0.000702 seconds.
Begin MonoManager ReloadAssembly
Native extension for WindowsStandalone target not found
Refreshing native plugins compatible for Editor in 0.22 ms, found 0 plugins.
Preloading 0 native plugins for Editor in 0.00 ms.
Mono: successfully reloaded assembly
- Completed reload, in  0.813 seconds
Platform modules already initialized, skipping
========================================================================
Worker process is ready to serve import requests
Launched and connected shader compiler UnityShaderCompiler.exe after 0.10 seconds
Refreshing native plugins compatible for Editor in 0.21 ms, found 0 plugins.
Preloading 0 native plugins for Editor in 0.00 ms.
Unloading 1115 Unused Serialized files (Serialized files now loaded: 0)
System memory in use before: 57.0 MB.
System memory in use after: 57.1 MB.

Unloading 10 unused Assets to reduce memory usage. Loaded Objects now: 1557.
Total: 1.649600 ms (FindLiveObjects: 0.138200 ms CreateObjectMapping: 0.039700 ms MarkObjects: 1.383400 ms  DeleteObjects: 0.086900 ms)

========================================================================
Received Import Request.
  path: Assets/Scenes
  artifactKey: Guid(8ca2b7a5cb93bc242acf94897196bd7c) Importer(815301076,1909f56bfc062723c751e8b465ee728b)
Start importing Assets/Scenes using Guid(8ca2b7a5cb93bc242acf94897196bd7c) Importer(815301076,1909f56bfc062723c751e8b465ee728b)  -> (artifact id: '3ebb959b8432d5e5998a348b8a97f827') in 0.007275 seconds
  Import took 0.036868 seconds .

========================================================================
Received Import Request.
  Time since last request: 0.000246 seconds.
  path: Assets/Scenes/SampleScene.unity
  artifactKey: Guid(9fc0d4010bbf28b4594072e72b8655ab) Importer(815301076,1909f56bfc062723c751e8b465ee728b)
Start importing Assets/Scenes/SampleScene.unity using Guid(9fc0d4010bbf28b4594072e72b8655ab) Importer(815301076,1909f56bfc062723c751e8b465ee728b)  -> (artifact id: 'a0dd8c018c451bceae1e1302a1531463') in 0.012994 seconds
  Import took 0.020453 seconds .

========================================================================
Received Import Request.
  Time since last request: 13.426841 seconds.
  path: Assets/Scenes/Game.unity
  artifactKey: Guid(9fc0d4010bbf28b4594072e72b8655ab) Importer(815301076,1909f56bfc062723c751e8b465ee728b)
Start importing Assets/Scenes/Game.unity using Guid(9fc0d4010bbf28b4594072e72b8655ab) Importer(815301076,1909f56bfc062723c751e8b465ee728b)  -> (artifact id: '12d022207421d5a374dd78a337e45d8e') in 0.006811 seconds
  Import took 0.049506 seconds .

========================================================================
Received Import Request.
  Time since last request: 31.344734 seconds.
  path: Assets
  artifactKey: Guid(00000000000000001000000000000000) Importer(815301076,1909f56bfc062723c751e8b465ee728b)
Start importing Assets using Guid(00000000000000001000000000000000) Importer(815301076,1909f56bfc062723c751e8b465ee728b)  -> (artifact id: '025e4f587c23674256bb898581e82961') in 0.005996 seconds
  Import took 0.059125 seconds .

========================================================================
Received Import Request.
  Time since last request: 6.203126 seconds.
  path: Assets/Materials
  artifactKey: Guid(805fc79abcf4ec449a4c622ad6099d11) Importer(815301076,1909f56bfc062723c751e8b465ee728b)
Start importing Assets/Materials using Guid(805fc79abcf4ec449a4c622ad6099d11) Importer(815301076,1909f56bfc062723c751e8b465ee728b)  -> (artifact id: 'ec30b6e7a3137005e0e2bb76f301482f') in 0.004845 seconds
  Import took 0.017695 seconds .

========================================================================
Received Import Request.
  Time since last request: 13.032127 seconds.
  path: Assets/Materials/New Material.mat
  artifactKey: Guid(ff2365a36b5cb9c458cbf30f0efebf30) Importer(815301076,1909f56bfc062723c751e8b465ee728b)
Start importing Assets/Materials/New Material.mat using Guid(ff2365a36b5cb9c458cbf30f0efebf30) Importer(815301076,1909f56bfc062723c751e8b465ee728b)  -> (artifact id: '3b4f1c3a235a6cf8a21b429a5e4c21f8') in 0.121569 seconds
  Import took 0.124296 seconds .

========================================================================
Received Import Request.
  Time since last request: 62.079564 seconds.
  path: Assets/Scripts
  artifactKey: Guid(aed8cd282f2d46149b8b02ef654e7ecb) Importer(815301076,1909f56bfc062723c751e8b465ee728b)
Start importing Assets/Scripts using Guid(aed8cd282f2d46149b8b02ef654e7ecb) Importer(815301076,1909f56bfc062723c751e8b465ee728b)  -> (artifact id: 'd5403591f5b36905ede3c3147f029d33') in 0.005174 seconds
  Import took 0.055633 seconds .

========================================================================
Received Import Request.
  Time since last request: 7.600979 seconds.
  path: Assets/Prefabs
  artifactKey: Guid(dfbf31b6aaada4b48a09c4872a4180f2) Importer(815301076,1909f56bfc062723c751e8b465ee728b)
Start importing Assets/Prefabs using Guid(dfbf31b6aaada4b48a09c4872a4180f2) Importer(815301076,1909f56bfc062723c751e8b465ee728b)  -> (artifact id: 'ea163f8df578b6294371a2d66f2908cf') in 0.005798 seconds
  Import took 0.051747 seconds .

========================================================================
Received Prepare
Registering precompiled user dll's ...
Registered in 0.001552 seconds.
Begin MonoManager ReloadAssembly
Native extension for WindowsStandalone target not found
Refreshing native plugins compatible for Editor in 0.52 ms, found 3 plugins.
Preloading 1 native plugins for Editor in 1.06 ms.
[XR] OculusXRPlugin: registering subsystems
[XR] Unable to register display lifecyle provider: [1]
[XR] Oculus Input lifecycle provider registered.
[XR] Unable to register input lifecyle provider: [1]
NullReferenceException: Object reference not set to an instance of an object
  at Unity.XR.Oculus.OculusLoader.AssetPathToAbsolutePath (System.String assetPath) [0x00048] in E:\UnityProjects\Engage VR\WildWildCactus\Library\PackageCache\com.unity.xr.oculus@1.9.1\Runtime\OculusLoader.cs:249 
  at Unity.XR.Oculus.OculusLoader.EditorLoadOVRPlugin () [0x0007b] in E:\UnityProjects\Engage VR\WildWildCactus\Library\PackageCache\com.unity.xr.oculus@1.9.1\Runtime\OculusLoader.cs:234 

(Filename: Library/PackageCache/com.unity.xr.oculus@1.9.1/Runtime/OculusLoader.cs Line: 249)

Mono: successfully reloaded assembly
- Completed reload, in  0.847 seconds
Platform modules already initialized, skipping
Refreshing native plugins compatible for Editor in 0.35 ms, found 3 plugins.
Preloading 1 native plugins for Editor in 0.05 ms.
Unloading 1210 Unused Serialized files (Serialized files now loaded: 0)
System memory in use before: 63.6 MB.
System memory in use after: 63.7 MB.

Unloading 5 unused Assets to reduce memory usage. Loaded Objects now: 1701.
Total: 1.862000 ms (FindLiveObjects: 0.163900 ms CreateObjectMapping: 0.042800 ms MarkObjects: 1.585100 ms  DeleteObjects: 0.068500 ms)

========================================================================
Received Import Request.
  Time since last request: 695.297554 seconds.
  path: Assets/XR
  artifactKey: Guid(8966c8f4e5ec5aa469bf8f6ef24e44b6) Importer(815301076,1909f56bfc062723c751e8b465ee728b)
Start importing Assets/XR using Guid(8966c8f4e5ec5aa469bf8f6ef24e44b6) Importer(815301076,1909f56bfc062723c751e8b465ee728b)  -> (artifact id: 'ee1c152c036a05fa9ceed2833dfed902') in 0.006720 seconds
  Import took 0.008783 seconds .

========================================================================
Received Import Request.
  Time since last request: 0.000643 seconds.
  path: Assets/XR
  artifactKey: Guid(8966c8f4e5ec5aa469bf8f6ef24e44b6) Importer(815301076,1909f56bfc062723c751e8b465ee728b)
Start importing Assets/XR using Guid(8966c8f4e5ec5aa469bf8f6ef24e44b6) Importer(815301076,1909f56bfc062723c751e8b465ee728b)  -> (artifact id: 'ee1c152c036a05fa9ceed2833dfed902') in 0.003537 seconds
  Import took 0.005714 seconds .

========================================================================
Received Import Request.
  Time since last request: 1.741100 seconds.
  path: Assets/XR/Settings
  artifactKey: Guid(7bb4f9c7c0f893344b77c1a3f3c1f222) Importer(815301076,1909f56bfc062723c751e8b465ee728b)
Start importing Assets/XR/Settings using Guid(7bb4f9c7c0f893344b77c1a3f3c1f222) Importer(815301076,1909f56bfc062723c751e8b465ee728b)  -> (artifact id: 'ef5ceccb0227b593fd8814b727efeb2c') in 0.004507 seconds
  Import took 0.006793 seconds .

========================================================================
Received Import Request.
  Time since last request: 0.077872 seconds.
  path: Assets/XR/Settings/Oculus Settings.asset
  artifactKey: Guid(2ece57c7c7ef6e0469a3ce6dd035e609) Importer(815301076,1909f56bfc062723c751e8b465ee728b)
Start importing Assets/XR/Settings/Oculus Settings.asset using Guid(2ece57c7c7ef6e0469a3ce6dd035e609) Importer(815301076,1909f56bfc062723c751e8b465ee728b)  -> (artifact id: '6fac347fa2930c7969f9dc198ef2ccca') in 0.022490 seconds
  Import took 0.024480 seconds .

========================================================================
Received Prepare
Registering precompiled user dll's ...
Registered in 0.003755 seconds.
Begin MonoManager ReloadAssembly
Native extension for WindowsStandalone target not found
Refreshing native plugins compatible for Editor in 0.49 ms, found 8 plugins.
Preloading 1 native plugins for Editor in 0.06 ms.
Mono: successfully reloaded assembly
- Completed reload, in  0.696 seconds
Platform modules already initialized, skipping
Refreshing native plugins compatible for Editor in 0.47 ms, found 8 plugins.
Preloading 1 native plugins for Editor in 0.05 ms.
Unloading 1583 Unused Serialized files (Serialized files now loaded: 0)
System memory in use before: 75.1 MB.
System memory in use after: 75.2 MB.

Unloading 16 unused Assets to reduce memory usage. Loaded Objects now: 2073.
Total: 1.488200 ms (FindLiveObjects: 0.167900 ms CreateObjectMapping: 0.060200 ms MarkObjects: 1.207500 ms  DeleteObjects: 0.051800 ms)

AssetImportWorkerClient::OnTransportError - code=2 error=End of file
